Mon Feb 24 12:17:19 EST 2020
$SIZES      PD=-150

$PROB run13.mod; Claret TGI model




$INPUT 


C	PROT	NSID	ID	STID	DOSE	DOSEP	DOSIV	
DOSIVP	DOS2	DOS2P	TRT	TRTG=DROP	PERD	NTPD	DAY	
TIME	FLAGE	AGE	SEX	RACE	ETHN	RACD	BWT	
SMOK	BBMI	BCCL	BCAL	BPLT	BNEU	BHGB	BALB	
BLDH	BALT	BAST	BBIL	BSLD	DV	SURT	CENS	
ECOG	METS	LIVMET	LNGMET	BONMET	MSKCC	HENG	EGFR	
EVID	EVNT	DOSRED	DOSINT	BLYM
DSLD	TREAT=DROP	TREAT2=DROP	LBSLD	LSLD


;TAFD is time in weeks
;DV is the SLD column in mm


$DATA RCC_COMBINED_PD2_SLD_31OCT2019.csv
IGNORE=@

$SUBROUTINE ADVAN 13 TOL=6

$MODEL
COMP=TUMOR

$PK
;;; LAMTRT-DEFINITION START
IF(TRT.EQ.2)   LAMTRT = 1
IF(TRT.EQ.1)   LAMTRT = (1+THETA(15))
IF(TRT.EQ.3)   LAMTRT = (1+THETA(16))
IF(TRT.EQ.4)   LAMTRT = (1+THETA(17))
IF(TRT.EQ.5)   LAMTRT = (1+THETA(18))
;;; LAMTRT-DEFINITION END

;;; LAM-RELATION START
LAMCOV=LAMTRT
;;; LAM-RELATION END


;;; KLTRT-DEFINITION START
IF(TRT.EQ.2)   KLTRT = 1
IF(TRT.EQ.1)   KLTRT = (1+THETA(11))
IF(TRT.EQ.3)   KLTRT = (1+THETA(12))
IF(TRT.EQ.4)   KLTRT = (1+THETA(13))
IF(TRT.EQ.5)   KLTRT = (1+THETA(14))
;;; KLTRT-DEFINITION END

;;; KL-RELATION START
KLCOV=KLTRT
;;; KL-RELATION END


;;; KDTRT-DEFINITION START
IF(TRT.EQ.2)   KDTRT = 1
IF(TRT.EQ.1)   KDTRT = (1+THETA(7))
IF(TRT.EQ.3)   KDTRT = (1+THETA(8))
IF(TRT.EQ.4)   KDTRT = (1+THETA(9))
IF(TRT.EQ.5)   KDTRT = (1+THETA(10))
;;; KDTRT-DEFINITION END


;;; KDBSLD-DEFINITION START
   KDBSLD = ((BSLD/91)**THETA(6))
;;; KDBSLD-DEFINITION END

;;; KD-RELATION START
KDCOV=KDBSLD*KDTRT
;;; KD-RELATION END



TVKL=LOG(THETA(1)/52)		; change to rate/year from /weeks

TVKL = KLCOV*TVKL
MU_1=TVKL		
KL = EXP(MU_1+ETA(1))

TVKD=LOG(THETA(2)/52)

TVKD = KDCOV*TVKD
MU_2=TVKD
KD = EXP(MU_2+ETA(2))

TVLAM=LOG(THETA(3)/52)

TVLAM = LAMCOV*TVLAM
MU_3=TVLAM
LAM = EXP(MU_3+ETA(3))

A_0(1)=BSLD



$DES

  ;y(t) = y(0) exp[ kL t - (kD Treatment/lam)(1-exp(-lam t)) ]. 
  ;dy/dt = [kL t - kD/lam Treatment (exp(-lam t))] y(t).


DADT(1) = (KL - KD*EXP(-LAM*T))*A(1)




$ERROR

IPRED=A(1)
W = SQRT(THETA(4)**2*IPRED**2+THETA(5)**2)
   
Y=IPRED+W*ERR(1)

IWRES=(DV-IPRED)/W


XL=LOG(KL)
XD=LOG(LAM*KD)

IF(XL.GT.XD) THEN
   TTG=0
ELSE
  TTG=(LOG(LAM*KD)-LOG(KL))/LAM ; added lam for KD term to adjust
ENDIF

   
   W6 = BSLD*EXP(KL*6-(KD/LAM)*(1-EXP(-LAM*6)))
   W8 = BSLD*EXP(KL*8-(KD/LAM)*(1-EXP(-LAM*8)))
   TR6= W6/BSLD
   TR8= W8/BSLD
   

$THETA  (0,0.143663) ; KL
 (0,1.60217) ; KD
 (0,3.939) ; LAM
 (0.01,0.0811432) ; Proportional Error
 (0.01,2.26872) ; Additive Error
 
$THETA  (-100,0.0506293,100000) ; KDBSLD1

$THETA  (-100000,0.352134,100000) ; KDTRT1
 (-100000,-0.0745063,100000) ; KDTRT2
 (-100000,0.0073258,100000) ; KDTRT3
 (-100000,-0.0769689,100000) ; KDTRT4
 
$THETA  (-100000,-0.0946182,100000) ; KLTRT1
 (-100000,-0.036812,100000) ; KLTRT2
 (-100000,0.0612846,100000) ; KLTRT3
 (-100000,0.0898521,100000) ; KLTRT4
 
$THETA  (-100000,0.212748,100000) ; LAMTRT1
 (-100000,-0.397089,100000) ; LAMTRT2
 (-100000,0.0522,100000) ; LAMTRT3
 (-100000,0.0611664,100000) ; LAMTRT4
 
$OMEGA  2.26315  ;    ETA(KL)
 0.839075  ;    ETA(KD)
 1.66932  ;   ETA(LAM)
 
$SIGMA  1  FIX

;$EST PRINT=10 MAXEVAL=9999 METHOD=1 INTER  FILE=run4.ext

$EST METHOD=SAEM EONLY=0 INTER NBURN=3000 NITER=250 SEED=2019 PRINT=50 DF=0 
GRD=DDDSS CTYPE=3 CITER=10 CALPHA=0.05 ISAMPLE=2 IACCEPT=0.4
$EST METHOD=IMP EONLY=1 NITER=5 ISAMPLE=4000 PRINT=1 DF=4 GRD=DDDSS IACCEPT=1.0 MAPITER=0 FILE=run13.ext
CTYPE=3 CITER=10 CALPHA=0.05 MSFO=MK13.msf

$COV PRINT=E

$TABLE PROT ID TIME IPRED WRES CWRES IWRES 
KL KD LAM TTG TR6 TR8  
BSLD DV DSLD LBSLD LSLD TRT
ETA1 ETA2 ETA3 
FORMAT=sF12.6 ONEHEADER NOPRINT FILE=tgi13.fit


NM-TRAN MESSAGES
  
 WARNINGS AND ERRORS (IF ANY) FOR PROBLEM    1
             
 (WARNING  2) NM-TRAN INFERS THAT THE DATA ARE POPULATION.

 (MU_WARNING 26) DATA ITEM(S) USED IN DEFINITION OF MU_(S) SHOULD BE CONSTANT FOR INDIV. REC.:
  BSLD

License Registered to: Pfizer
Expiration Date:    14 JUN 2020
Current Date:       24 FEB 2020
Days until program expires : 110
1NONLINEAR MIXED EFFECTS MODEL PROGRAM (NONMEM) VERSION 7.4.3
 ORIGINALLY DEVELOPED BY STUART BEAL, LEWIS SHEINER, AND ALISON BOECKMANN
 CURRENT DEVELOPERS ARE ROBERT BAUER, ICON DEVELOPMENT SOLUTIONS,
 AND ALISON BOECKMANN. IMPLEMENTATION, EFFICIENCY, AND STANDARDIZATION
 PERFORMED BY NOUS INFOSYSTEMS.

 PROBLEM NO.:         1
 run13.mod; Claret TGI model
0DATA CHECKOUT RUN:              NO
 DATA SET LOCATED ON UNIT NO.:    2
 THIS UNIT TO BE REWOUND:        NO
 NO. OF DATA RECS IN DATA SET:    12356
 NO. OF DATA ITEMS IN DATA SET:  56
 ID DATA ITEM IS DATA ITEM NO.:   4
 DEP VARIABLE IS DATA ITEM NO.:  37
 MDV DATA ITEM IS DATA ITEM NO.: 56
0INDICES PASSED TO SUBROUTINE PRED:
  48  16   0   0   0   0   0   0   0   0   0
0LABELS FOR DATA ITEMS:
 C PROT NSID ID STID DOSE DOSEP DOSIV DOSIVP DOS2 DOS2P TRT PERD NTPD DAY TIME FLAGE AGE SEX RACE ETHN RACD BWT SMOK BBMI
 BCCL BCAL BPLT BNEU BHGB BALB BLDH BALT BAST BBIL BSLD DV SURT CENS ECOG METS LIVMET LNGMET BONMET MSKCC HENG EGFR EVID
 EVNT DOSRED DOSINT BLYM DSLD LBSLD LSLD MDV
0(NONBLANK) LABELS FOR PRED-DEFINED ITEMS:
 KL KD LAM IPRED IWRES TTG TR6 TR8
0FORMAT FOR DATA:
 (18(3E20.0/),1E20.0,1F2.0)

 TOT. NO. OF OBS RECS:    12356
 TOT. NO. OF INDIVIDUALS:     1839
0LENGTH OF THETA:  18
0DEFAULT THETA BOUNDARY TEST OMITTED:    NO
0OMEGA HAS SIMPLE DIAGONAL FORM WITH DIMENSION:   3
0DEFAULT OMEGA BOUNDARY TEST OMITTED:    NO
0SIGMA HAS SIMPLE DIAGONAL FORM WITH DIMENSION:   1
0DEFAULT SIGMA BOUNDARY TEST OMITTED:    NO
0INITIAL ESTIMATE OF THETA:
 LOWER BOUND    INITIAL EST    UPPER BOUND
  0.0000E+00     0.1437E+00     0.1000E+07
  0.0000E+00     0.1602E+01     0.1000E+07
  0.0000E+00     0.3939E+01     0.1000E+07
  0.1000E-01     0.8114E-01     0.1000E+07
  0.1000E-01     0.2269E+01     0.1000E+07
 -0.1000E+03     0.5063E-01     0.1000E+06
 -0.1000E+06     0.3521E+00     0.1000E+06
 -0.1000E+06    -0.7451E-01     0.1000E+06
 -0.1000E+06     0.7326E-02     0.1000E+06
 -0.1000E+06    -0.7697E-01     0.1000E+06
 -0.1000E+06    -0.9462E-01     0.1000E+06
 -0.1000E+06    -0.3681E-01     0.1000E+06
 -0.1000E+06     0.6128E-01     0.1000E+06
 -0.1000E+06     0.8985E-01     0.1000E+06
 -0.1000E+06     0.2127E+00     0.1000E+06
 -0.1000E+06    -0.3971E+00     0.1000E+06
 -0.1000E+06     0.5220E-01     0.1000E+06
 -0.1000E+06     0.6117E-01     0.1000E+06
0INITIAL ESTIMATE OF OMEGA:
 0.2263E+01
 0.0000E+00   0.8391E+00
 0.0000E+00   0.0000E+00   0.1669E+01
0INITIAL ESTIMATE OF SIGMA:
 0.1000E+01
0SIGMA CONSTRAINED TO BE THIS INITIAL ESTIMATE
0COVARIANCE STEP OMITTED:        NO
 EIGENVLS. PRINTED:             YES
 SPECIAL COMPUTATION:            NO
 COMPRESSED FORMAT:              NO
 GRADIENT METHOD USED:     NOSLOW
 SIGDIGITS ETAHAT (SIGLO):                  -1
 SIGDIGITS GRADIENTS (SIGL):                -1
 EXCLUDE COV FOR FOCE (NOFCOV):              NO
 TURN OFF Cholesky Transposition of R Matrix (CHOLROFF): NO
 KNUTHSUMOFF:                                -1
 RESUME COV ANALYSIS (RESUME):               NO
 SIR SAMPLE SIZE (SIRSAMPLE):              -1
 NON-LINEARLY TRANSFORM THETAS DURING COV (THBND): 1
 PRECONDTIONING CYCLES (PRECOND):        0
 PRECONDTIONING TYPES (PRECONDS):        TOS
 FORCED PRECONDTIONING CYCLES (PFCOND):0
 PRECONDTIONING TYPE (PRETYPE):        0
 FORCED POS. DEFINITE SETTING: (FPOSDEF):0
0TABLES STEP OMITTED:    NO
 NO. OF TABLES:           1
 SEED NUMBER (SEED):    11456
 RANMETHOD:             3U
 MC SAMPLES (ESAMPLE):    300
 WRES SQUARE ROOT TYPE (WRESCHOL): EIGENVALUE
0-- TABLE   1 --
0RECORDS ONLY:    ALL
04 COLUMNS APPENDED:    YES
 PRINTED:                NO
 HEADERS:               ONE
 FILE TO BE FORWARDED:   NO
 FORMAT:                sF12.6
 LFORMAT:
 RFORMAT:
 FIXED_EFFECT_ETAS:
0USER-CHOSEN ITEMS:
 PROT ID TIME IPRED CWRES IWRES KL KD LAM TTG TR6 TR8 BSLD DV DSLD LBSLD LSLD TRT ETA1 ETA2 ETA3
1DOUBLE PRECISION PREDPP VERSION 7.4.3

 GENERAL NONLINEAR KINETICS MODEL WITH STIFF/NONSTIFF EQUATIONS (LSODA, ADVAN13)
0MODEL SUBROUTINE USER-SUPPLIED - ID NO. 9999
0MAXIMUM NO. OF BASIC PK PARAMETERS:   3
0COMPARTMENT ATTRIBUTES
 COMPT. NO.   FUNCTION   INITIAL    ON/OFF      DOSE      DEFAULT    DEFAULT
                         STATUS     ALLOWED    ALLOWED    FOR DOSE   FOR OBS.
    1         TUMOR        ON         YES        YES        YES        YES
    2         OUTPUT       OFF        YES        NO         NO         NO
 INITIAL (BASE) TOLERANCE SETTINGS:
 NRD (RELATIVE) VALUE(S) OF TOLERANCE:   6
 ANRD (ABSOLUTE) VALUE(S) OF TOLERANCE:  12
1
 ADDITIONAL PK PARAMETERS - ASSIGNMENT OF ROWS IN GG
 COMPT. NO.                             INDICES
              SCALE      BIOAVAIL.   ZERO-ORDER  ZERO-ORDER  ABSORB
                         FRACTION    RATE        DURATION    LAG
    1            *           *           *           *           *
    2            *           -           -           -           -
             - PARAMETER IS NOT ALLOWED FOR THIS MODEL
             * PARAMETER IS NOT SUPPLIED BY PK SUBROUTINE;
               WILL DEFAULT TO ONE IF APPLICABLE
0DATA ITEM INDICES USED BY PRED ARE:
   EVENT ID DATA ITEM IS DATA ITEM NO.:     48
   TIME DATA ITEM IS DATA ITEM NO.:         16

0PK SUBROUTINE CALLED WITH EVERY EVENT RECORD.
 PK SUBROUTINE NOT CALLED AT NONEVENT (ADDITIONAL OR LAGGED) DOSE TIMES.
0PK SUBROUTINE INDICATES THAT COMPARTMENT AMOUNTS ARE INITIALIZED.
0ERROR SUBROUTINE CALLED WITH EVERY EVENT RECORD.
0ERROR SUBROUTINE INDICATES THAT DERIVATIVES OF COMPARTMENT AMOUNTS ARE USED.
0DES SUBROUTINE USES COMPACT STORAGE MODE.
1


 #TBLN:      1
 #METH: Stochastic Approximation Expectation-Maximization

 ESTIMATION STEP OMITTED:                 NO
 ANALYSIS TYPE:                           POPULATION
 NUMBER OF SADDLE POINT RESET ITERATIONS:      0
 GRADIENT METHOD USED:               NOSLOW
 CONDITIONAL ESTIMATES USED:              YES
 CENTERED ETA:                            NO
 EPS-ETA INTERACTION:                     YES
 LAPLACIAN OBJ. FUNC.:                    NO
 NO. OF FUNCT. EVALS. ALLOWED:            2400
 NO. OF SIG. FIGURES REQUIRED:            3
 INTERMEDIATE PRINTOUT:                   YES
 ESTIMATE OUTPUT TO MSF:                  YES
 IND. OBJ. FUNC. VALUES SORTED:           NO
 NUMERICAL DERIVATIVE
       FILE REQUEST (NUMDER):               NONE
 MAP (ETAHAT) ESTIMATION METHOD (OPTMAP):   0
 ETA HESSIAN EVALUATION METHOD (ETADER):    0
 INITIAL ETA FOR MAP ESTIMATION (MCETA):    0
 SIGDIGITS FOR MAP ESTIMATION (SIGLO):      100
 GRADIENT SIGDIGITS OF
       FIXED EFFECTS PARAMETERS (SIGL):     100
 NOPRIOR SETTING (NOPRIOR):                 OFF
 NOCOV SETTING (NOCOV):                     OFF
 DERCONT SETTING (DERCONT):                 OFF
 FINAL ETA RE-EVALUATION (FNLETA):          ON
 EXCLUDE NON-INFLUENTIAL (NON-INFL.) ETAS
       IN SHRINKAGE (ETASTYPE):             NO
 NON-INFL. ETA CORRECTION (NONINFETA):      OFF
 RAW OUTPUT FILE (FILE): run13.ext
 EXCLUDE TITLE (NOTITLE):                   NO
 EXCLUDE COLUMN LABELS (NOLABEL):           NO
 FORMAT FOR ADDITIONAL FILES (FORMAT):      S1PE12.5
 PARAMETER ORDER FOR OUTPUTS (ORDER):       TSOL
 WISHART PRIOR DF INTERPRETATION (WISHTYPE):0
 KNUTHSUMOFF:                               0
 INCLUDE LNTWOPI:                           NO
 INCLUDE CONSTANT TERM TO PRIOR (PRIORC):   NO
 INCLUDE CONSTANT TERM TO OMEGA (ETA) (OLNTWOPI):NO
 EM OR BAYESIAN METHOD USED:                STOCHASTIC APPROXIMATION EXPECTATION MAXIMIZATION (SAEM)
 MU MODELING PATTERN (MUM):
 GRADIENT/GIBBS PATTERN (GRD):              DDDSS
 AUTOMATIC SETTING FEATURE (AUTO):          OFF
 CONVERGENCE TYPE (CTYPE):                  3
 CONVERGENCE INTERVAL (CINTERVAL):          50
 CONVERGENCE ITERATIONS (CITER):            10
 CONVERGENCE ALPHA ERROR (CALPHA):          5.000000000000000E-02
 BURN-IN ITERATIONS (NBURN):                3000
 ITERATIONS (NITER):                        250
 ANEAL SETTING (CONSTRAIN):                 1
 STARTING SEED FOR MC METHODS (SEED):       2019
 MC SAMPLES PER SUBJECT (ISAMPLE):          2
 RANDOM SAMPLING METHOD (RANMETHOD):        3U
 EXPECTATION ONLY (EONLY):                  0
 PROPOSAL DENSITY SCALING RANGE
              (ISCALE_MIN, ISCALE_MAX):     1.000000000000000E-06   ,1000000.00000000
 SAMPLE ACCEPTANCE RATE (IACCEPT):          0.400000000000000
 METROPOLIS HASTINGS SAMPLING FOR INDIVIDUAL ETAS:
 SAMPLES FOR GLOBAL SEARCH KERNEL (ISAMPLE_M1):          2
 SAMPLES FOR NEIGHBOR SEARCH KERNEL (ISAMPLE_M1A):       0
 SAMPLES FOR MASS/IMP/POST. MATRIX SEARCH (ISAMPLE_M1B): 2
 SAMPLES FOR LOCAL SEARCH KERNEL (ISAMPLE_M2):           2
 SAMPLES FOR LOCAL UNIVARIATE KERNEL (ISAMPLE_M3):       2
 PWR. WT. MASS/IMP/POST MATRIX ACCUM. FOR ETAS (IKAPPA): 1.00000000000000
 MASS/IMP./POST. MATRIX REFRESH SETTING (MASSREST):      -1

 TOLERANCES FOR ESTIMATION/EVALUATION STEP:
 NRD (RELATIVE) VALUE(S) OF TOLERANCE:   6
 ANRD (ABSOLUTE) VALUE(S) OF TOLERANCE:  12
 TOLERANCES FOR COVARIANCE STEP:
 NRD (RELATIVE) VALUE(S) OF TOLERANCE:   6
 ANRD (ABSOLUTE) VALUE(S) OF TOLERANCE:  12

 THE FOLLOWING LABELS ARE EQUIVALENT
 PRED=PREDI
 RES=RESI
 WRES=WRESI
 IWRS=IWRESI
 IPRD=IPREDI
 IRS=IRESI

 EM/BAYES SETUP:
 THETAS THAT ARE MU MODELED:
   1   2   3   6   7   8   9  10  11  12  13  14  15  16  17  18
 THETAS THAT ARE SIGMA-LIKE:
   4   5

 MONITORING OF SEARCH:

 Stochastic/Burn-in Mode
 iteration        -3000  SAEMOBJ=   87274.446154680772
 iteration        -2950  SAEMOBJ=   63382.040134968243
 iteration        -2900  SAEMOBJ=   63223.342966300661
 iteration        -2850  SAEMOBJ=   63076.399386978737
 iteration        -2800  SAEMOBJ=   63181.251253389688
 iteration        -2750  SAEMOBJ=   62952.293357295217
 iteration        -2700  SAEMOBJ=   62983.119382505538
 iteration        -2650  SAEMOBJ=   63043.688686895068
 iteration        -2600  SAEMOBJ=   63042.184687491965
 iteration        -2550  SAEMOBJ=   62912.559898850857
 iteration        -2500  SAEMOBJ=   63058.787519545702
 iteration        -2450  SAEMOBJ=   63182.482762401276
 Convergence achieved
 Reduced Stochastic/Accumulation Mode
 iteration            0  SAEMOBJ=   63140.488494599806
 iteration           50  SAEMOBJ=   62347.537370344711
 iteration          100  SAEMOBJ=   62334.415933632015
 iteration          150  SAEMOBJ=   62327.918142434042
 iteration          200  SAEMOBJ=   62326.351656772902
 iteration          250  SAEMOBJ=   62324.465067571509

 #TERM:
 STOCHASTIC PORTION WAS COMPLETED
 REDUCED STOCHASTIC PORTION WAS COMPLETED

 ETABAR IS THE ARITHMETIC MEAN OF THE ETA-ESTIMATES,
 AND THE P-VALUE IS GIVEN FOR THE NULL HYPOTHESIS THAT THE TRUE MEAN IS 0.

 ETABAR:         2.7814E-06  1.3538E-04  1.0559E-04
 SE:             2.3057E-02  1.6658E-02  1.9218E-02
 N:                    1839        1839        1839

 P VAL.:         9.9990E-01  9.9352E-01  9.9562E-01

 ETASHRINKSD(%)  3.5460E+01  2.2107E+01  3.6409E+01
 ETASHRINKVR(%)  5.8345E+01  3.9327E+01  5.9562E+01
 EBVSHRINKSD(%)  3.5458E+01  2.2105E+01  3.6399E+01
 EBVSHRINKVR(%)  5.8344E+01  3.9324E+01  5.9549E+01
 EPSSHRINKSD(%)  1.1890E+00
 EPSSHRINKVR(%)  2.3638E+00

  
 TOTAL DATA POINTS NORMALLY DISTRIBUTED (N):        12356
 N*LOG(2PI) CONSTANT TO OBJECTIVE FUNCTION:    22708.809032553872     
 OBJECTIVE FUNCTION VALUE WITHOUT CONSTANT:    62324.465067571509     
 OBJECTIVE FUNCTION VALUE WITH CONSTANT:       85033.274100125389     
 REPORTED OBJECTIVE FUNCTION DOES NOT CONTAIN CONSTANT
  
 TOTAL EFFECTIVE ETAS (NIND*NETA):                          5517
 NIND*NETA*LOG(2PI) CONSTANT TO OBJECTIVE FUNCTION:    10139.567775380357     
 OBJECTIVE FUNCTION VALUE WITHOUT CONSTANT:    62324.465067571509     
 OBJECTIVE FUNCTION VALUE WITH CONSTANT:       72464.032842951870     
 REPORTED OBJECTIVE FUNCTION DOES NOT CONTAIN CONSTANT
  
 #TERE:
 Elapsed estimation  time in seconds:  1441.23
 Elapsed covariance  time in seconds:     0.32
1
 
 
 
 
 
 
 
 
 
 
 
 
 
 
 
 
 
 
 
 
 ************************************************************************************************************************
 ********************                                                                                ********************
 ********************                STOCHASTIC APPROXIMATION EXPECTATION-MAXIMIZATION               ********************
 #OBJT:**************                        FINAL VALUE OF LIKELIHOOD FUNCTION                      ********************
 ********************                                                                                ********************
 ************************************************************************************************************************
 





 #OBJV:********************************************    62324.465       **************************************************
1
 ************************************************************************************************************************
 ********************                                                                                ********************
 ********************                STOCHASTIC APPROXIMATION EXPECTATION-MAXIMIZATION               ********************
 ********************                             FINAL PARAMETER ESTIMATE                           ********************
 ********************                                                                                ********************
 ************************************************************************************************************************
 


 THETA - VECTOR OF FIXED EFFECTS PARAMETERS   *********


         TH 1      TH 2      TH 3      TH 4      TH 5      TH 6      TH 7      TH 8      TH 9      TH10      TH11      TH12     
          TH13      TH14      TH15      TH16      TH17      TH18     
 
         1.40E-01  1.61E+00  3.98E+00  8.13E-02  2.26E+00  5.08E-02  3.55E-01 -7.75E-02  9.70E-03 -7.73E-02 -9.00E-02 -3.13E-02
          6.43E-02  9.23E-02  1.83E-01 -4.13E-01  5.32E-02  6.20E-02
 


 OMEGA - COV MATRIX FOR RANDOM EFFECTS - ETAS  ********


         ETA1      ETA2      ETA3     
 
 ETA1
+        2.35E+00
 
 ETA2
+        0.00E+00  8.42E-01
 
 ETA3
+        0.00E+00  0.00E+00  1.68E+00
 


 SIGMA - COV MATRIX FOR RANDOM EFFECTS - EPSILONS  ****


         EPS1     
 
 EPS1
+        1.00E+00
 
1


 OMEGA - CORR MATRIX FOR RANDOM EFFECTS - ETAS  *******


         ETA1      ETA2      ETA3     
 
 ETA1
+        1.53E+00
 
 ETA2
+        0.00E+00  9.17E-01
 
 ETA3
+        0.00E+00  0.00E+00  1.30E+00
 


 SIGMA - CORR MATRIX FOR RANDOM EFFECTS - EPSILONS  ***


         EPS1     
 
 EPS1
+        1.00E+00
 
1
 ************************************************************************************************************************
 ********************                                                                                ********************
 ********************                STOCHASTIC APPROXIMATION EXPECTATION-MAXIMIZATION               ********************
 ********************                          STANDARD ERROR OF ESTIMATE (S)                        ********************
 ********************                                                                                ********************
 ************************************************************************************************************************
 


 THETA - VECTOR OF FIXED EFFECTS PARAMETERS   *********


         TH 1      TH 2      TH 3      TH 4      TH 5      TH 6      TH 7      TH 8      TH 9      TH10      TH11      TH12     
          TH13      TH14      TH15      TH16      TH17      TH18     
 
         1.46E-02  8.20E-02  3.77E-01  1.95E-04  1.67E-02  9.74E-03  2.84E-02  4.71E-02  2.74E-02  2.00E-02  2.72E-02  5.24E-02
          3.52E-02  2.73E-02  9.10E-02  9.74E-02  6.99E-02  4.67E-02
 


 OMEGA - COV MATRIX FOR RANDOM EFFECTS - ETAS  ********


         ETA1      ETA2      ETA3     
 
 ETA1
+        2.37E-01
 
 ETA2
+        0.00E+00  5.78E-02
 
 ETA3
+        0.00E+00  0.00E+00  1.52E-01
 


 SIGMA - COV MATRIX FOR RANDOM EFFECTS - EPSILONS  ****


         EPS1     
 
 EPS1
+        0.00E+00
 
1


 OMEGA - CORR MATRIX FOR RANDOM EFFECTS - ETAS  *******


         ETA1      ETA2      ETA3     
 
 ETA1
+        7.73E-02
 
 ETA2
+       .........  3.15E-02
 
 ETA3
+       ......... .........  5.88E-02
 


 SIGMA - CORR MATRIX FOR RANDOM EFFECTS - EPSILONS  ***


         EPS1     
 
 EPS1
+       .........
 
1
 ************************************************************************************************************************
 ********************                                                                                ********************
 ********************                STOCHASTIC APPROXIMATION EXPECTATION-MAXIMIZATION               ********************
 ********************                        COVARIANCE MATRIX OF ESTIMATE (S)                       ********************
 ********************                                                                                ********************
 ************************************************************************************************************************
 

            TH 1      TH 2      TH 3      TH 4      TH 5      TH 6      TH 7      TH 8      TH 9      TH10      TH11      TH12  
             TH13      TH14      TH15      TH16      TH17      TH18      OM11      OM12      OM13      OM22      OM23      OM33  
            SG11  
 
 TH 1
+        2.12E-04
 
 TH 2
+       -8.63E-05  6.72E-03
 
 TH 3
+       -2.02E-03  1.10E-02  1.42E-01
 
 TH 4
+       -7.63E-09 -4.27E-07  3.77E-06  3.81E-08
 
 TH 5
+        8.05E-06 -2.22E-04 -1.41E-04 -1.37E-06  2.80E-04
 
 TH 6
+        2.15E-07  4.72E-05  3.52E-04 -4.72E-08  1.25E-05  9.49E-05
 
 TH 7
+       -1.91E-05  9.35E-04 -2.66E-04  9.85E-08 -1.63E-05 -2.49E-05  8.09E-04
 
 TH 8
+        1.43E-05  5.28E-04 -5.53E-04  1.70E-07  5.19E-05 -1.10E-05  1.62E-04  2.22E-03
 
 TH 9
+       -5.08E-06  8.44E-04  4.36E-04  1.72E-07 -1.07E-05 -1.15E-05  1.89E-04  1.33E-04  7.52E-04
 
 TH10
+       -5.98E-06  9.03E-04  1.08E-03  4.73E-08  4.17E-06  3.39E-05  1.43E-04  1.14E-04  1.34E-04  4.00E-04
 
 TH11
+        1.65E-04 -8.02E-05 -1.61E-03  1.27E-10  6.74E-06 -1.59E-06  1.35E-04  6.74E-06 -4.03E-07 -4.67E-06  7.37E-04
 
 TH12
+        2.05E-04  3.59E-05 -1.48E-03  1.10E-08 -1.20E-05  8.54E-06  8.30E-07 -3.42E-05 -3.73E-06 -4.63E-07  1.97E-04  2.75E-03
 
 TH13
+        1.78E-04  4.34E-05 -1.25E-03  3.60E-10 -1.66E-05  6.01E-06  9.41E-06 -1.08E-05  7.64E-05  3.48E-06  2.30E-04  2.31E-04
          1.24E-03
 
 TH14
+        1.71E-04  9.70E-05 -8.92E-04 -1.56E-07  4.19E-06  9.02E-06  9.18E-06 -1.44E-05  2.03E-06  5.30E-05  2.37E-04  2.34E-04
          2.90E-04  7.46E-04
 
 TH15
+       -6.93E-05 -2.62E-04  8.77E-03  7.12E-07  1.04E-04 -1.19E-05  6.62E-04  5.25E-05  7.06E-06 -2.20E-05 -5.88E-04 -1.33E-04
         -2.28E-04 -2.46E-04  8.29E-03
 
 TH16
+        1.12E-06 -5.13E-04  2.88E-03  5.44E-07  1.48E-04  2.26E-05 -2.42E-05  2.16E-04  6.35E-07 -3.31E-08 -6.92E-05 -2.64E-03
         -1.33E-04 -1.51E-04  7.62E-04  9.49E-03
 
 TH17
+       -1.17E-04  3.09E-04  1.04E-02  1.56E-10  6.08E-05  1.40E-05 -2.12E-06  1.81E-05 -6.99E-05  4.36E-05 -1.53E-04 -1.41E-04
         -9.05E-04 -1.69E-04  1.10E-03  5.45E-04  4.89E-03
 
 TH18
+       -1.55E-04  4.19E-04  1.10E-02  5.86E-07 -2.07E-05  1.01E-05  2.97E-06  3.23E-06  3.20E-05  3.54E-05 -1.47E-04 -1.56E-04
         -1.54E-04 -3.78E-04  1.02E-03  4.78E-04  9.97E-04  2.18E-03
 
 OM11
+       -1.67E-03  2.33E-03  2.23E-02 -2.10E-06 -2.54E-04  9.18E-05  2.38E-04 -2.87E-04  1.76E-04  3.02E-04  3.81E-04 -7.19E-04
          8.55E-04  1.22E-03 -2.95E-03 -1.98E-03 -4.28E-04  8.12E-04  5.62E-02
 
1

            TH 1      TH 2      TH 3      TH 4      TH 5      TH 6      TH 7      TH 8      TH 9      TH10      TH11      TH12  
             TH13      TH14      TH15      TH16      TH17      TH18      OM11      OM12      OM13      OM22      OM23      OM33  
            SG11  
 
 OM12
+       ......... ......... ......... ......... ......... ......... ......... ......... ......... ......... ......... .........
         ......... ......... ......... ......... ......... ......... ......... .........
 
 OM13
+       ......... ......... ......... ......... ......... ......... ......... ......... ......... ......... ......... .........
         ......... ......... ......... ......... ......... ......... ......... ......... .........
 
 OM22
+        2.05E-05 -2.23E-03 -9.75E-03 -5.36E-08  1.16E-04 -2.02E-05  3.75E-04  5.90E-05 -7.79E-05 -2.45E-04  7.20E-05  1.20E-05
         -1.18E-06 -4.44E-05  5.52E-04  2.87E-04 -2.50E-04 -3.53E-04 -1.95E-03  0.00E+00  0.00E+00  3.34E-03
 
 OM23
+       ......... ......... ......... ......... ......... ......... ......... ......... ......... ......... ......... .........
         ......... ......... ......... ......... ......... ......... ......... ......... ......... ......... .........
 
 OM33
+       -4.09E-04  6.52E-03  2.72E-02 -4.13E-06 -9.03E-04  3.13E-05  1.15E-04 -8.48E-04  7.89E-05  2.87E-04 -2.17E-04  1.62E-04
          2.31E-04  4.01E-04 -9.66E-04 -2.33E-03  3.51E-04  7.11E-04  9.04E-03  0.00E+00  0.00E+00 -4.13E-03  0.00E+00  2.32E-02
 
 SG11
+       ......... ......... ......... ......... ......... ......... ......... ......... ......... ......... ......... .........
         ......... ......... ......... ......... ......... ......... ......... ......... ......... ......... ......... .........
        .........
 
1
 ************************************************************************************************************************
 ********************                                                                                ********************
 ********************                STOCHASTIC APPROXIMATION EXPECTATION-MAXIMIZATION               ********************
 ********************                        CORRELATION MATRIX OF ESTIMATE (S)                      ********************
 ********************                                                                                ********************
 ************************************************************************************************************************
 

            TH 1      TH 2      TH 3      TH 4      TH 5      TH 6      TH 7      TH 8      TH 9      TH10      TH11      TH12  
             TH13      TH14      TH15      TH16      TH17      TH18      OM11      OM12      OM13      OM22      OM23      OM33  
            SG11  
 
 TH 1
+        1.46E-02
 
 TH 2
+       -7.23E-02  8.20E-02
 
 TH 3
+       -3.68E-01  3.57E-01  3.77E-01
 
 TH 4
+       -2.68E-03 -2.67E-02  5.12E-02  1.95E-04
 
 TH 5
+        3.30E-02 -1.62E-01 -2.24E-02 -4.19E-01  1.67E-02
 
 TH 6
+        1.52E-03  5.91E-02  9.58E-02 -2.48E-02  7.64E-02  9.74E-03
 
 TH 7
+       -4.60E-02  4.01E-01 -2.48E-02  1.77E-02 -3.42E-02 -8.99E-02  2.84E-02
 
 TH 8
+        2.08E-02  1.37E-01 -3.11E-02  1.85E-02  6.58E-02 -2.39E-02  1.21E-01  4.71E-02
 
 TH 9
+       -1.27E-02  3.75E-01  4.22E-02  3.21E-02 -2.34E-02 -4.31E-02  2.42E-01  1.03E-01  2.74E-02
 
 TH10
+       -2.05E-02  5.51E-01  1.43E-01  1.21E-02  1.24E-02  1.74E-01  2.51E-01  1.21E-01  2.45E-01  2.00E-02
 
 TH11
+        4.16E-01 -3.60E-02 -1.57E-01  2.40E-05  1.48E-02 -6.00E-03  1.75E-01  5.27E-03 -5.41E-04 -8.61E-03  2.72E-02
 
 TH12
+        2.69E-01  8.35E-03 -7.49E-02  1.08E-03 -1.37E-02  1.67E-02  5.57E-04 -1.39E-02 -2.59E-03 -4.42E-04  1.38E-01  5.24E-02
 
 TH13
+        3.47E-01  1.50E-02 -9.38E-02  5.24E-05 -2.81E-02  1.75E-02  9.39E-03 -6.49E-03  7.91E-02  4.94E-03  2.41E-01  1.25E-01
          3.52E-02
 
 TH14
+        4.29E-01  4.33E-02 -8.66E-02 -2.93E-02  9.17E-03  3.39E-02  1.18E-02 -1.12E-02  2.70E-03  9.70E-02  3.19E-01  1.63E-01
          3.01E-01  2.73E-02
 
 TH15
+       -5.22E-02 -3.51E-02  2.55E-01  4.00E-02  6.82E-02 -1.34E-02  2.56E-01  1.22E-02  2.83E-03 -1.21E-02 -2.38E-01 -2.78E-02
         -7.11E-02 -9.89E-02  9.10E-02
 
 TH16
+        7.86E-04 -6.42E-02  7.84E-02  2.86E-02  9.06E-02  2.38E-02 -8.72E-03  4.71E-02  2.38E-04 -1.70E-05 -2.62E-02 -5.16E-01
         -3.88E-02 -5.67E-02  8.59E-02  9.74E-02
 
 TH17
+       -1.15E-01  5.40E-02  3.94E-01  1.14E-05  5.20E-02  2.06E-02 -1.06E-03  5.49E-03 -3.65E-02  3.12E-02 -8.04E-02 -3.85E-02
         -3.68E-01 -8.87E-02  1.73E-01  8.00E-02  6.99E-02
 
 TH18
+       -2.27E-01  1.09E-01  6.27E-01  6.43E-02 -2.64E-02  2.22E-02  2.23E-03  1.47E-03  2.50E-02  3.79E-02 -1.16E-01 -6.35E-02
         -9.36E-02 -2.96E-01  2.41E-01  1.05E-01  3.05E-01  4.67E-02
 
 OM11
+       -4.84E-01  1.20E-01  2.50E-01 -4.53E-02 -6.39E-02  3.98E-02  3.53E-02 -2.57E-02  2.71E-02  6.38E-02  5.92E-02 -5.79E-02
          1.02E-01  1.89E-01 -1.37E-01 -8.59E-02 -2.59E-02  7.33E-02  2.37E-01
 
1

            TH 1      TH 2      TH 3      TH 4      TH 5      TH 6      TH 7      TH 8      TH 9      TH10      TH11      TH12  
             TH13      TH14      TH15      TH16      TH17      TH18      OM11      OM12      OM13      OM22      OM23      OM33  
            SG11  
 
 OM12
+       ......... ......... ......... ......... ......... ......... ......... ......... ......... ......... ......... .........
         ......... ......... ......... ......... ......... ......... ......... .........
 
 OM13
+       ......... ......... ......... ......... ......... ......... ......... ......... ......... ......... ......... .........
         ......... ......... ......... ......... ......... ......... ......... ......... .........
 
 OM22
+        2.43E-02 -4.72E-01 -4.47E-01 -4.75E-03  1.20E-01 -3.59E-02  2.28E-01  2.17E-02 -4.91E-02 -2.12E-01  4.59E-02  3.97E-03
         -5.80E-04 -2.81E-02  1.05E-01  5.09E-02 -6.19E-02 -1.31E-01 -1.42E-01  0.00E+00  0.00E+00  5.78E-02
 
 OM23
+       ......... ......... ......... ......... ......... ......... ......... ......... ......... ......... ......... .........
         ......... ......... ......... ......... ......... ......... ......... ......... ......... ......... .........
 
 OM33
+       -1.84E-01  5.22E-01  4.73E-01 -1.39E-01 -3.54E-01  2.11E-02  2.66E-02 -1.18E-01  1.89E-02  9.42E-02 -5.23E-02  2.02E-02
          4.30E-02  9.62E-02 -6.96E-02 -1.57E-01  3.29E-02  9.98E-02  2.50E-01  0.00E+00  0.00E+00 -4.68E-01  0.00E+00  1.52E-01
 
 SG11
+       ......... ......... ......... ......... ......... ......... ......... ......... ......... ......... ......... .........
         ......... ......... ......... ......... ......... ......... ......... ......... ......... ......... ......... .........
        .........
 
1
 ************************************************************************************************************************
 ********************                                                                                ********************
 ********************                STOCHASTIC APPROXIMATION EXPECTATION-MAXIMIZATION               ********************
 ********************                    INVERSE COVARIANCE MATRIX OF ESTIMATE (S)                   ********************
 ********************                                                                                ********************
 ************************************************************************************************************************
 

            TH 1      TH 2      TH 3      TH 4      TH 5      TH 6      TH 7      TH 8      TH 9      TH10      TH11      TH12  
             TH13      TH14      TH15      TH16      TH17      TH18      OM11      OM12      OM13      OM22      OM23      OM33  
            SG11  
 
 TH 1
+        1.70E+04
 
 TH 2
+       -3.70E+02  5.62E+02
 
 TH 3
+        2.35E+02 -1.12E+01  2.92E+01
 
 TH 4
+        2.30E+04 -4.49E+02 -7.83E+03  3.97E+07
 
 TH 5
+        2.17E+02 -1.20E+01 -1.15E+02  2.75E+05  6.24E+03
 
 TH 6
+       -5.07E+02 -1.26E+02 -4.82E+01 -1.07E+03 -4.12E+02  1.14E+04
 
 TH 7
+        9.36E+02 -6.42E+02  3.23E+01 -8.48E+03  2.42E+00  7.18E+02  2.65E+03
 
 TH 8
+        2.49E+00 -8.02E+01  3.91E-01 -5.36E+02 -3.77E+01  8.70E+01  0.00E+00  4.86E+02
 
 TH 9
+        1.50E+02 -3.03E+02 -1.86E+00 -4.05E+02  6.01E+01  3.16E+02  0.00E+00  0.00E+00  1.67E+03
 
 TH10
+        5.59E+02 -6.75E+02  2.97E+00 -3.15E+02 -6.17E+01 -1.14E+03  0.00E+00  0.00E+00  0.00E+00  4.09E+03
 
 TH11
+       -2.45E+03  2.06E+02 -2.43E+01 -5.44E+03 -9.01E+01 -7.74E+01 -8.51E+02  0.00E+00  0.00E+00  0.00E+00  2.23E+03
 
 TH12
+       -6.56E+02  3.52E-01 -9.23E+00 -2.35E+03 -2.63E+01 -5.52E+01  0.00E+00 -2.13E+00  0.00E+00  0.00E+00  0.00E+00  5.61E+02
 
 TH13
+       -1.57E+03  2.12E+01 -2.35E+01 -2.20E+03 -5.98E+00 -4.09E+00  0.00E+00  0.00E+00 -1.17E+02  0.00E+00  0.00E+00  0.00E+00
          1.22E+03
 
 TH14
+       -3.42E+03  6.99E+01 -5.34E+01 -1.17E+04 -1.72E+02  1.58E+02  0.00E+00  0.00E+00  0.00E+00 -4.23E+02  0.00E+00  0.00E+00
          0.00E+00  2.59E+03
 
 TH15
+       -2.31E+02  6.76E+01 -2.13E+01  2.04E+03  1.21E+01 -1.17E+01 -2.79E+02  0.00E+00  0.00E+00  0.00E+00  2.10E+02  0.00E+00
          0.00E+00  0.00E+00  1.84E+02
 
 TH16
+       -1.88E+02  1.13E+00 -9.10E+00  4.72E+02 -3.83E+00 -3.00E+01  0.00E+00 -6.82E+00  0.00E+00  0.00E+00  0.00E+00  1.61E+02
          0.00E+00  0.00E+00  0.00E+00  1.59E+02
 
 TH17
+       -2.93E+02 -3.26E+00 -3.10E+01  7.26E+03  5.92E+01  4.20E+01  0.00E+00  0.00E+00  1.80E+01  0.00E+00  0.00E+00  0.00E+00
          2.28E+02  0.00E+00  0.00E+00  0.00E+00  3.01E+02
 
 TH18
+       -6.78E+02  4.72E+00 -1.01E+02  1.73E+04  3.75E+02  1.62E+02  0.00E+00  0.00E+00  0.00E+00 -2.86E+01  0.00E+00  0.00E+00
          0.00E+00  5.14E+02  0.00E+00  0.00E+00  0.00E+00  9.75E+02
 
 OM11
+        5.28E+02  1.13E+00  1.53E+00  2.63E+03  2.50E+01 -2.77E+01 -3.26E+00 -1.07E+00 -2.73E-01  8.94E+00 -6.99E+01 -5.30E+00
         -5.54E+01 -1.44E+02  6.52E+00  2.21E+00 -2.03E+00 -1.87E+01  3.88E+01
 
1

            TH 1      TH 2      TH 3      TH 4      TH 5      TH 6      TH 7      TH 8      TH 9      TH10      TH11      TH12  
             TH13      TH14      TH15      TH16      TH17      TH18      OM11      OM12      OM13      OM22      OM23      OM33  
            SG11  
 
 OM12
+       ......... ......... ......... ......... ......... ......... ......... ......... ......... ......... ......... .........
         ......... ......... ......... ......... ......... ......... ......... .........
 
 OM13
+       ......... ......... ......... ......... ......... ......... ......... ......... ......... ......... ......... .........
         ......... ......... ......... ......... ......... ......... ......... ......... .........
 
 OM22
+        6.57E+02  2.26E+02  3.90E+01  5.67E+03  4.09E+00 -2.64E+02 -5.33E+02 -1.60E+01 -7.86E+01  3.71E+01  4.70E+01 -3.35E+01
         -8.00E+01 -1.78E+02 -2.57E+00 -1.53E+01 -4.39E+01 -1.15E+02  2.19E+01  0.00E+00  0.00E+00  6.36E+02
 
 OM23
+       ......... ......... ......... ......... ......... ......... ......... ......... ......... ......... ......... .........
         ......... ......... ......... ......... ......... ......... ......... ......... ......... ......... .........
 
 OM33
+        9.35E+01 -9.90E+01 -2.38E+01  2.71E+04  4.15E+02  1.57E+01  3.05E+01  3.50E+01  7.29E+01  1.56E+02 -7.61E+00  6.10E+00
         -1.46E+01 -5.72E+01  1.07E+01  1.80E+01  2.18E+01  7.13E+01  8.37E-01  0.00E+00  0.00E+00  1.73E+01  0.00E+00  1.24E+02
 
 SG11
+       ......... ......... ......... ......... ......... ......... ......... ......... ......... ......... ......... .........
         ......... ......... ......... ......... ......... ......... ......... ......... ......... ......... ......... .........
        .........
 
1
 
 
 
 
 
 
 
 
 
 
 
 
 
 
 
 
 
 
 
 
 ************************************************************************************************************************
 ********************                                                                                ********************
 ********************                STOCHASTIC APPROXIMATION EXPECTATION-MAXIMIZATION               ********************
 ********************                    EIGENVALUES OF COR MATRIX OF ESTIMATE (S)                   ********************
 ********************                                                                                ********************
 ************************************************************************************************************************
 

             1         2         3         4         5         6         7         8         9        10        11        12
             13        14        15        16        17        18        19        20        21
 
         1.27E-01  1.53E-01  1.97E-01  3.25E-01  4.02E-01  4.27E-01  4.53E-01  5.53E-01  6.77E-01  7.96E-01  8.67E-01  9.76E-01
          1.03E+00  1.06E+00  1.23E+00  1.36E+00  1.45E+00  1.47E+00  1.80E+00  2.48E+00  3.17E+00
 
1


 #TBLN:      2
 #METH: Objective Function Evaluation by Importance Sampling

 ESTIMATION STEP OMITTED:                 NO
 ANALYSIS TYPE:                           POPULATION
 NUMBER OF SADDLE POINT RESET ITERATIONS:      0
 GRADIENT METHOD USED:               NOSLOW
 CONDITIONAL ESTIMATES USED:              YES
 CENTERED ETA:                            NO
 EPS-ETA INTERACTION:                     YES
 LAPLACIAN OBJ. FUNC.:                    NO
 NO. OF FUNCT. EVALS. ALLOWED:            2400
 NO. OF SIG. FIGURES REQUIRED:            3
 INTERMEDIATE PRINTOUT:                   YES
 ESTIMATE OUTPUT TO MSF:                  YES
 IND. OBJ. FUNC. VALUES SORTED:           NO
 NUMERICAL DERIVATIVE
       FILE REQUEST (NUMDER):               NONE
 MAP (ETAHAT) ESTIMATION METHOD (OPTMAP):   0
 ETA HESSIAN EVALUATION METHOD (ETADER):    0
 INITIAL ETA FOR MAP ESTIMATION (MCETA):    0
 SIGDIGITS FOR MAP ESTIMATION (SIGLO):      100
 GRADIENT SIGDIGITS OF
       FIXED EFFECTS PARAMETERS (SIGL):     100
 NOPRIOR SETTING (NOPRIOR):                 OFF
 NOCOV SETTING (NOCOV):                     OFF
 DERCONT SETTING (DERCONT):                 OFF
 FINAL ETA RE-EVALUATION (FNLETA):          ON
 EXCLUDE NON-INFLUENTIAL (NON-INFL.) ETAS
       IN SHRINKAGE (ETASTYPE):             NO
 NON-INFL. ETA CORRECTION (NONINFETA):      OFF
 RAW OUTPUT FILE (FILE): run13.ext
 EXCLUDE TITLE (NOTITLE):                   NO
 EXCLUDE COLUMN LABELS (NOLABEL):           NO
 FORMAT FOR ADDITIONAL FILES (FORMAT):      S1PE12.5
 PARAMETER ORDER FOR OUTPUTS (ORDER):       TSOL
 WISHART PRIOR DF INTERPRETATION (WISHTYPE):0
 KNUTHSUMOFF:                               0
 INCLUDE LNTWOPI:                           NO
 INCLUDE CONSTANT TERM TO PRIOR (PRIORC):   NO
 INCLUDE CONSTANT TERM TO OMEGA (ETA) (OLNTWOPI):NO
 EM OR BAYESIAN METHOD USED:                IMPORTANCE SAMPLING (IMP)
 MU MODELING PATTERN (MUM):
 GRADIENT/GIBBS PATTERN (GRD):              DDDSS
 AUTOMATIC SETTING FEATURE (AUTO):          OFF
 CONVERGENCE TYPE (CTYPE):                  3
 CONVERGENCE INTERVAL (CINTERVAL):          1
 CONVERGENCE ITERATIONS (CITER):            10
 CONVERGENCE ALPHA ERROR (CALPHA):          5.000000000000000E-02
 ITERATIONS (NITER):                        5
 ANEAL SETTING (CONSTRAIN):                 1
 STARTING SEED FOR MC METHODS (SEED):       2019
 MC SAMPLES PER SUBJECT (ISAMPLE):          4000
 RANDOM SAMPLING METHOD (RANMETHOD):        3U
 EXPECTATION ONLY (EONLY):                  1
 PROPOSAL DENSITY SCALING RANGE
              (ISCALE_MIN, ISCALE_MAX):     0.100000000000000       ,10.0000000000000
 SAMPLE ACCEPTANCE RATE (IACCEPT):          1.00000000000000
 LONG TAIL SAMPLE ACCEPT. RATE (IACCEPTL):   0.00000000000000
 T-DIST. PROPOSAL DENSITY (DF):             4
 NO. ITERATIONS FOR MAP (MAPITER):          0
 INTERVAL ITER. FOR MAP (MAPINTER):         0
 MAP COVARIANCE/MODE SETTING (MAPCOV):      1
 Gradient Quick Value (GRDQ):               0.00000000000000

 TOLERANCES FOR ESTIMATION/EVALUATION STEP:
 NRD (RELATIVE) VALUE(S) OF TOLERANCE:   6
 ANRD (ABSOLUTE) VALUE(S) OF TOLERANCE:  12
 TOLERANCES FOR COVARIANCE STEP:
 NRD (RELATIVE) VALUE(S) OF TOLERANCE:   6
 ANRD (ABSOLUTE) VALUE(S) OF TOLERANCE:  12
 TOLERANCES FOR TABLE/SCATTER STEP:
 NRD (RELATIVE) VALUE(S) OF TOLERANCE:   6
 ANRD (ABSOLUTE) VALUE(S) OF TOLERANCE:  12

 THE FOLLOWING LABELS ARE EQUIVALENT
 PRED=PREDI
 RES=RESI
 WRES=WRESI
 IWRS=IWRESI
 IPRD=IPREDI
 IRS=IRESI

 EM/BAYES SETUP:
 THETAS THAT ARE MU MODELED:
   1   2   3   6   7   8   9  10  11  12  13  14  15  16  17  18
 THETAS THAT ARE SIGMA-LIKE:
   4   5

 MONITORING OF SEARCH:

 iteration            0  OBJ=   65929.582753925293 eff.=    2145. Smpl.=    4000. Fit.= 0.91892
 iteration            1  OBJ=   65930.137972741766 eff.=    2615. Smpl.=    4000. Fit.= 0.91841
 iteration            2  OBJ=   65928.092607747836 eff.=    2655. Smpl.=    4000. Fit.= 0.91809
 iteration            3  OBJ=   65933.556805435044 eff.=    2642. Smpl.=    4000. Fit.= 0.91852
 iteration            4  OBJ=   65933.646150501023 eff.=    2637. Smpl.=    4000. Fit.= 0.91855
 iteration            5  OBJ=   65923.893857959090 eff.=    2672. Smpl.=    4000. Fit.= 0.91842

 #TERM:
 EXPECTATION ONLY PROCESS COMPLETED


 ETABAR IS THE ARITHMETIC MEAN OF THE ETA-ESTIMATES,
 AND THE P-VALUE IS GIVEN FOR THE NULL HYPOTHESIS THAT THE TRUE MEAN IS 0.

 ETABAR:         4.5661E-03  3.0260E-03 -3.1034E-03
 SE:             2.3084E-02  1.6643E-02  1.9231E-02
 N:                    1839        1839        1839

 P VAL.:         8.4320E-01  8.5573E-01  8.7180E-01

 ETASHRINKSD(%)  3.5386E+01  2.2175E+01  3.6367E+01
 ETASHRINKVR(%)  5.8251E+01  3.9432E+01  5.9509E+01
 EBVSHRINKSD(%)  3.5599E+01  2.2069E+01  3.6512E+01
 EBVSHRINKVR(%)  5.8526E+01  3.9267E+01  5.9693E+01
 EPSSHRINKSD(%)  7.9524E-04
 EPSSHRINKVR(%)  1.5905E-03

  
 TOTAL DATA POINTS NORMALLY DISTRIBUTED (N):        12356
 N*LOG(2PI) CONSTANT TO OBJECTIVE FUNCTION:    22708.809032553872     
 OBJECTIVE FUNCTION VALUE WITHOUT CONSTANT:    65923.893857959090     
 OBJECTIVE FUNCTION VALUE WITH CONSTANT:       88632.702890512970     
 REPORTED OBJECTIVE FUNCTION DOES NOT CONTAIN CONSTANT
  
 TOTAL EFFECTIVE ETAS (NIND*NETA):                          5517
  
 #TERE:
 Elapsed estimation  time in seconds:  1036.38
 Elapsed covariance  time in seconds:  1248.07
1
 
 
 
 
 
 
 
 
 
 
 
 
 
 
 
 
 
 
 
 
 ************************************************************************************************************************
 ********************                                                                                ********************
 ********************               OBJECTIVE FUNCTION EVALUATION BY IMPORTANCE SAMPLING             ********************
 #OBJT:**************                        FINAL VALUE OF OBJECTIVE FUNCTION                       ********************
 ********************                                                                                ********************
 ************************************************************************************************************************
 





 #OBJV:********************************************    65923.894       **************************************************
1
 ************************************************************************************************************************
 ********************                                                                                ********************
 ********************               OBJECTIVE FUNCTION EVALUATION BY IMPORTANCE SAMPLING             ********************
 ********************                             FINAL PARAMETER ESTIMATE                           ********************
 ********************                                                                                ********************
 ************************************************************************************************************************
 


 THETA - VECTOR OF FIXED EFFECTS PARAMETERS   *********


         TH 1      TH 2      TH 3      TH 4      TH 5      TH 6      TH 7      TH 8      TH 9      TH10      TH11      TH12     
          TH13      TH14      TH15      TH16      TH17      TH18     
 
         1.40E-01  1.61E+00  3.98E+00  8.13E-02  2.26E+00  5.08E-02  3.55E-01 -7.75E-02  9.70E-03 -7.73E-02 -9.00E-02 -3.13E-02
          6.43E-02  9.23E-02  1.83E-01 -4.13E-01  5.32E-02  6.20E-02
 


 OMEGA - COV MATRIX FOR RANDOM EFFECTS - ETAS  ********


         ETA1      ETA2      ETA3     
 
 ETA1
+        2.35E+00
 
 ETA2
+        0.00E+00  8.42E-01
 
 ETA3
+        0.00E+00  0.00E+00  1.68E+00
 


 SIGMA - COV MATRIX FOR RANDOM EFFECTS - EPSILONS  ****


         EPS1     
 
 EPS1
+        1.00E+00
 
1


 OMEGA - CORR MATRIX FOR RANDOM EFFECTS - ETAS  *******


         ETA1      ETA2      ETA3     
 
 ETA1
+        1.53E+00
 
 ETA2
+        0.00E+00  9.17E-01
 
 ETA3
+        0.00E+00  0.00E+00  1.30E+00
 


 SIGMA - CORR MATRIX FOR RANDOM EFFECTS - EPSILONS  ***


         EPS1     
 
 EPS1
+        1.00E+00
 
1
 ************************************************************************************************************************
 ********************                                                                                ********************
 ********************               OBJECTIVE FUNCTION EVALUATION BY IMPORTANCE SAMPLING             ********************
 ********************                         STANDARD ERROR OF ESTIMATE (RSR)                       ********************
 ********************                                                                                ********************
 ************************************************************************************************************************
 


 THETA - VECTOR OF FIXED EFFECTS PARAMETERS   *********


         TH 1      TH 2      TH 3      TH 4      TH 5      TH 6      TH 7      TH 8      TH 9      TH10      TH11      TH12     
          TH13      TH14      TH15      TH16      TH17      TH18     
 
         1.63E-02  8.44E-02  3.66E-01  5.35E-03  1.97E-01  1.06E-02  4.21E-02  5.94E-02  3.14E-02  2.01E-02  2.42E-02  3.52E-02
          3.72E-02  2.95E-02  1.45E-01  1.19E-01  7.30E-02  5.19E-02
 


 OMEGA - COV MATRIX FOR RANDOM EFFECTS - ETAS  ********


         ETA1      ETA2      ETA3     
 
 ETA1
+        1.76E-01
 
 ETA2
+        0.00E+00  6.19E-02
 
 ETA3
+        0.00E+00  0.00E+00  2.56E-01
 


 SIGMA - COV MATRIX FOR RANDOM EFFECTS - EPSILONS  ****


         EPS1     
 
 EPS1
+        0.00E+00
 
1


 OMEGA - CORR MATRIX FOR RANDOM EFFECTS - ETAS  *******


         ETA1      ETA2      ETA3     
 
 ETA1
+        5.74E-02
 
 ETA2
+       .........  3.38E-02
 
 ETA3
+       ......... .........  9.87E-02
 


 SIGMA - CORR MATRIX FOR RANDOM EFFECTS - EPSILONS  ***


         EPS1     
 
 EPS1
+       .........
 
1
 ************************************************************************************************************************
 ********************                                                                                ********************
 ********************               OBJECTIVE FUNCTION EVALUATION BY IMPORTANCE SAMPLING             ********************
 ********************                       COVARIANCE MATRIX OF ESTIMATE (RSR)                      ********************
 ********************                                                                                ********************
 ************************************************************************************************************************
 

            TH 1      TH 2      TH 3      TH 4      TH 5      TH 6      TH 7      TH 8      TH 9      TH10      TH11      TH12  
             TH13      TH14      TH15      TH16      TH17      TH18      OM11      OM12      OM13      OM22      OM23      OM33  
            SG11  
 
 TH 1
+        2.67E-04
 
 TH 2
+        1.72E-05  7.12E-03
 
 TH 3
+       -2.14E-03  1.71E-02  1.34E-01
 
 TH 4
+       -1.64E-05  1.32E-05  1.71E-04  2.86E-05
 
 TH 5
+        3.21E-04  2.54E-04 -7.88E-03 -6.71E-04  3.87E-02
 
 TH 6
+       -1.44E-05 -4.91E-06  1.06E-04  6.29E-06 -3.48E-04  1.12E-04
 
 TH 7
+        3.53E-05  1.26E-03  2.80E-03 -2.77E-05  4.76E-04 -9.16E-06  1.77E-03
 
 TH 8
+       -1.53E-06  1.19E-03  3.03E-03  2.90E-05 -9.00E-04 -2.37E-05  2.31E-04  3.53E-03
 
 TH 9
+        1.72E-05  1.19E-03  2.94E-03 -2.10E-06  6.68E-05 -3.37E-05  2.70E-04  1.93E-04  9.89E-04
 
 TH10
+        4.17E-06  9.80E-04  2.42E-03  8.37E-07 -1.01E-04  3.35E-05  2.54E-04  1.61E-04  1.74E-04  4.06E-04
 
 TH11
+        1.57E-04  1.04E-04 -1.03E-03  3.30E-06 -1.22E-04  2.37E-06  5.66E-05  1.05E-05  1.20E-05  1.42E-05  5.88E-04
 
 TH12
+        2.20E-04  1.97E-05 -2.03E-03 -3.89E-06  2.00E-04 -1.71E-05  2.60E-05  2.30E-04  1.53E-05  5.07E-06  1.89E-04  1.24E-03
 
 TH13
+        2.23E-04  5.42E-05 -1.89E-03 -5.33E-06  9.32E-05 -8.86E-06  1.72E-05  2.08E-05  9.62E-06  1.00E-05  2.08E-04  2.40E-04
          1.38E-03
 
 TH14
+        2.13E-04  4.57E-05 -1.91E-03 -1.51E-05  3.13E-04 -1.03E-05  2.38E-05  7.52E-06  1.54E-05 -1.13E-05  2.15E-04  2.38E-04
          2.53E-04  8.69E-04
 
 TH15
+        1.98E-04  3.87E-04  6.49E-03 -4.89E-05  9.98E-06 -4.72E-05  3.48E-03  2.52E-04  2.83E-04  2.63E-04 -9.82E-04  2.14E-05
         -8.37E-05 -1.62E-04  2.11E-02
 
 TH16
+       -1.04E-04  9.83E-04  7.40E-03  3.75E-05 -2.11E-03 -3.10E-06  2.29E-04  5.57E-03  1.49E-04  1.41E-04 -8.03E-05  4.51E-04
         -6.00E-05 -8.46E-05  9.60E-04  1.41E-02
 
 TH17
+       -1.74E-04  1.64E-03  1.36E-02  6.20E-06 -7.87E-04 -8.83E-07  3.74E-04  2.60E-04  1.33E-03  2.61E-04 -1.23E-04 -1.76E-04
         -4.92E-04 -1.74E-04  1.20E-03  7.19E-04  5.33E-03
 
 TH18
+       -1.89E-04  1.71E-03  1.39E-02  8.55E-06 -3.36E-04  1.38E-05  3.54E-04  2.69E-04  2.97E-04  5.50E-04 -1.20E-04 -1.87E-04
         -1.81E-04 -4.02E-04  1.06E-03  7.13E-04  1.41E-03  2.70E-03
 
 OM11
+       -1.77E-03  1.23E-04  1.15E-02 -1.18E-04  1.21E-03  3.47E-05  1.77E-04 -8.27E-05 -1.18E-04  7.68E-06 -4.65E-06 -5.68E-04
         -4.85E-04 -9.91E-05 -3.87E-03  8.29E-04  8.30E-04  7.90E-04  3.10E-02
 
1

            TH 1      TH 2      TH 3      TH 4      TH 5      TH 6      TH 7      TH 8      TH 9      TH10      TH11      TH12  
             TH13      TH14      TH15      TH16      TH17      TH18      OM11      OM12      OM13      OM22      OM23      OM33  
            SG11  
 
 OM12
+       ......... ......... ......... ......... ......... ......... ......... ......... ......... ......... ......... .........
         ......... ......... ......... ......... ......... ......... ......... .........
 
 OM13
+       ......... ......... ......... ......... ......... ......... ......... ......... ......... ......... ......... .........
         ......... ......... ......... ......... ......... ......... ......... ......... .........
 
 OM22
+       -6.93E-05 -1.60E-03 -1.01E-03 -1.15E-04  1.18E-03 -3.64E-06  3.00E-04 -2.62E-04 -5.38E-05  8.42E-05  2.34E-05 -9.63E-05
         -6.61E-05  3.23E-05  6.19E-04 -2.91E-04  1.05E-04  9.11E-05  2.59E-03  0.00E+00  0.00E+00  3.84E-03
 
 OM23
+       ......... ......... ......... ......... ......... ......... ......... ......... ......... ......... ......... .........
         ......... ......... ......... ......... ......... ......... ......... ......... ......... ......... .........
 
 OM33
+       -6.54E-04  5.43E-03  2.62E-02  1.03E-05  7.80E-03  1.33E-04 -1.11E-03  3.04E-04  3.30E-04  1.15E-04  3.33E-04 -8.45E-04
         -4.73E-04 -1.70E-04 -9.95E-03 -1.44E-03  7.85E-04  1.68E-03  1.45E-03  0.00E+00  0.00E+00 -1.09E-03  0.00E+00  6.54E-02
 
 SG11
+       ......... ......... ......... ......... ......... ......... ......... ......... ......... ......... ......... .........
         ......... ......... ......... ......... ......... ......... ......... ......... ......... ......... ......... .........
        .........
 
1
 ************************************************************************************************************************
 ********************                                                                                ********************
 ********************               OBJECTIVE FUNCTION EVALUATION BY IMPORTANCE SAMPLING             ********************
 ********************                       CORRELATION MATRIX OF ESTIMATE (RSR)                     ********************
 ********************                                                                                ********************
 ************************************************************************************************************************
 

            TH 1      TH 2      TH 3      TH 4      TH 5      TH 6      TH 7      TH 8      TH 9      TH10      TH11      TH12  
             TH13      TH14      TH15      TH16      TH17      TH18      OM11      OM12      OM13      OM22      OM23      OM33  
            SG11  
 
 TH 1
+        1.63E-02
 
 TH 2
+        1.25E-02  8.44E-02
 
 TH 3
+       -3.59E-01  5.53E-01  3.66E-01
 
 TH 4
+       -1.87E-01  2.93E-02  8.73E-02  5.35E-03
 
 TH 5
+        9.99E-02  1.53E-02 -1.09E-01 -6.38E-01  1.97E-01
 
 TH 6
+       -8.34E-02 -5.50E-03  2.73E-02  1.11E-01 -1.67E-01  1.06E-02
 
 TH 7
+        5.14E-02  3.56E-01  1.82E-01 -1.23E-01  5.76E-02 -2.06E-02  4.21E-02
 
 TH 8
+       -1.58E-03  2.37E-01  1.39E-01  9.14E-02 -7.70E-02 -3.78E-02  9.25E-02  5.94E-02
 
 TH 9
+        3.35E-02  4.47E-01  2.56E-01 -1.25E-02  1.08E-02 -1.01E-01  2.04E-01  1.03E-01  3.14E-02
 
 TH10
+        1.27E-02  5.76E-01  3.28E-01  7.78E-03 -2.54E-02  1.58E-01  2.99E-01  1.34E-01  2.75E-01  2.01E-02
 
 TH11
+        3.97E-01  5.08E-02 -1.16E-01  2.55E-02 -2.56E-02  9.23E-03  5.56E-02  7.30E-03  1.57E-02  2.91E-02  2.42E-02
 
 TH12
+        3.82E-01  6.62E-03 -1.58E-01 -2.07E-02  2.89E-02 -4.59E-02  1.75E-02  1.10E-01  1.38E-02  7.14E-03  2.21E-01  3.52E-02
 
 TH13
+        3.67E-01  1.72E-02 -1.39E-01 -2.68E-02  1.27E-02 -2.25E-02  1.10E-02  9.41E-03  8.22E-03  1.34E-02  2.30E-01  1.84E-01
          3.72E-02
 
 TH14
+        4.42E-01  1.84E-02 -1.77E-01 -9.60E-02  5.40E-02 -3.30E-02  1.92E-02  4.29E-03  1.66E-02 -1.90E-02  3.01E-01  2.29E-01
          2.31E-01  2.95E-02
 
 TH15
+        8.34E-02  3.16E-02  1.22E-01 -6.30E-02  3.49E-04 -3.07E-02  5.71E-01  2.92E-02  6.19E-02  8.99E-02 -2.79E-01  4.19E-03
         -1.55E-02 -3.79E-02  1.45E-01
 
 TH16
+       -5.34E-02  9.81E-02  1.70E-01  5.91E-02 -9.02E-02 -2.47E-03  4.59E-02  7.89E-01  3.99E-02  5.89E-02 -2.79E-02  1.08E-01
         -1.36E-02 -2.42E-02  5.56E-02  1.19E-01
 
 TH17
+       -1.46E-01  2.66E-01  5.07E-01  1.59E-02 -5.48E-02 -1.14E-03  1.22E-01  6.00E-02  5.80E-01  1.77E-01 -6.95E-02 -6.86E-02
         -1.81E-01 -8.08E-02  1.13E-01  8.29E-02  7.30E-02
 
 TH18
+       -2.23E-01  3.89E-01  7.31E-01  3.08E-02 -3.29E-02  2.52E-02  1.62E-01  8.72E-02  1.82E-01  5.26E-01 -9.54E-02 -1.02E-01
         -9.39E-02 -2.63E-01  1.40E-01  1.16E-01  3.71E-01  5.19E-02
 
 OM11
+       -6.15E-01  8.31E-03  1.78E-01 -1.25E-01  3.50E-02  1.87E-02  2.39E-02 -7.92E-03 -2.13E-02  2.17E-03 -1.09E-03 -9.17E-02
         -7.41E-02 -1.91E-02 -1.51E-01  3.97E-02  6.46E-02  8.64E-02  1.76E-01
 
1

            TH 1      TH 2      TH 3      TH 4      TH 5      TH 6      TH 7      TH 8      TH 9      TH10      TH11      TH12  
             TH13      TH14      TH15      TH16      TH17      TH18      OM11      OM12      OM13      OM22      OM23      OM33  
            SG11  
 
 OM12
+       ......... ......... ......... ......... ......... ......... ......... ......... ......... ......... ......... .........
         ......... ......... ......... ......... ......... ......... ......... .........
 
 OM13
+       ......... ......... ......... ......... ......... ......... ......... ......... ......... ......... ......... .........
         ......... ......... ......... ......... ......... ......... ......... ......... .........
 
 OM22
+       -6.85E-02 -3.06E-01 -4.46E-02 -3.47E-01  9.70E-02 -5.56E-03  1.15E-01 -7.12E-02 -2.76E-02  6.75E-02  1.56E-02 -4.42E-02
         -2.87E-02  1.77E-02  6.89E-02 -3.96E-02  2.33E-02  2.83E-02  2.38E-01  0.00E+00  0.00E+00  6.19E-02
 
 OM23
+       ......... ......... ......... ......... ......... ......... ......... ......... ......... ......... ......... .........
         ......... ......... ......... ......... ......... ......... ......... ......... ......... ......... .........
 
 OM33
+       -1.57E-01  2.52E-01  2.80E-01  7.54E-03  1.55E-01  4.93E-02 -1.03E-01  2.00E-02  4.11E-02  2.23E-02  5.36E-02 -9.38E-02
         -4.97E-02 -2.25E-02 -2.68E-01 -4.73E-02  4.20E-02  1.26E-01  3.23E-02  0.00E+00  0.00E+00 -6.88E-02  0.00E+00  2.56E-01
 
 SG11
+       ......... ......... ......... ......... ......... ......... ......... ......... ......... ......... ......... .........
         ......... ......... ......... ......... ......... ......... ......... ......... ......... ......... ......... .........
        .........
 
1
 ************************************************************************************************************************
 ********************                                                                                ********************
 ********************               OBJECTIVE FUNCTION EVALUATION BY IMPORTANCE SAMPLING             ********************
 ********************                   INVERSE COVARIANCE MATRIX OF ESTIMATE (RSR)                  ********************
 ********************                                                                                ********************
 ************************************************************************************************************************
 

            TH 1      TH 2      TH 3      TH 4      TH 5      TH 6      TH 7      TH 8      TH 9      TH10      TH11      TH12  
             TH13      TH14      TH15      TH16      TH17      TH18      OM11      OM12      OM13      OM22      OM23      OM33  
            SG11  
 
 TH 1
+        1.91E+04
 
 TH 2
+       -8.22E+02  6.19E+02
 
 TH 3
+        2.56E+02 -8.62E+01  3.70E+01
 
 TH 4
+        1.50E+04  3.51E+02  8.98E+01  8.44E+04
 
 TH 5
+        1.27E+02 -5.50E+00  6.87E+00  1.29E+03  5.01E+01
 
 TH 6
+        7.31E+02  1.69E+02 -8.66E+00  9.80E+02  9.70E+01  1.01E+04
 
 TH 7
+        6.18E+02 -2.95E+02  2.37E+01  6.23E+02 -1.73E+00  1.43E+01  1.23E+03
 
 TH 8
+        7.81E+01 -1.56E+02  2.03E+01 -6.77E+02 -1.04E+00  1.85E+02  1.80E-01  8.53E+02
 
 TH 9
+        3.31E+02 -3.93E+02  5.82E+01 -2.66E+02  5.56E-01  5.51E+02  5.24E-01  1.27E+01  2.04E+03
 
 TH10
+        9.08E+02 -1.10E+03  1.78E+02 -1.54E+03  5.01E+00 -1.84E+03 -3.26E+01  3.07E+01  5.51E+01  6.39E+03
 
 TH11
+       -3.49E+03  1.49E+02 -3.02E+01 -3.35E+03 -1.16E+01 -1.95E+02 -5.74E+02 -2.64E+00 -9.47E+00 -2.79E+01  3.01E+03
 
 TH12
+       -1.31E+03  1.96E+01  9.49E-01 -1.05E+03 -1.34E+01  2.67E+01 -9.90E-01 -1.59E+01 -1.56E+01 -3.79E+01  1.13E+01  1.02E+03
 
 TH13
+       -1.25E+03  4.04E+01 -1.38E+01 -7.73E+02 -4.80E+00 -5.63E+01  2.85E+00 -5.43E+00 -1.53E+02 -4.07E+01  5.63E+00  7.35E+00
          9.19E+02
 
 TH14
+       -2.52E+03  7.54E+01 -4.27E+01 -1.22E+03 -1.47E+01  2.93E+01  6.42E+00 -8.32E+00 -1.72E+01 -3.84E+02  1.71E+01  1.43E+01
          1.11E+01  1.80E+03
 
 TH15
+       -2.36E+02  5.56E+01 -1.08E+01 -1.54E+02 -2.13E+00 -6.24E+00 -2.28E+02 -6.81E-01 -1.00E+00 -1.66E-02  2.25E+02 -1.90E-01
          6.68E-02 -8.76E-01  1.04E+02
 
 TH16
+       -3.05E+00  6.05E+01 -1.33E+01  2.85E+02  3.17E+00 -6.38E+01  7.19E-02 -3.36E+02 -3.21E+00 -1.54E+01  5.76E+00 -3.25E+01
          2.00E+00  4.28E+00 -5.31E-01  2.08E+02
 
 TH17
+       -2.06E+02  1.06E+02 -4.62E+01  3.57E+01 -1.67E+00 -1.36E+02  4.53E-01 -1.75E+00 -5.45E+02 -2.70E+01  7.61E+00  2.77E+00
          1.15E+02  4.65E+00 -6.60E-01  2.17E+00  4.10E+02
 
 TH18
+       -6.53E+02  2.58E+02 -1.41E+02 -1.84E+02 -2.33E+01  3.41E+02  1.27E+01 -1.74E+00 -2.22E+00 -1.52E+03  1.53E+01  1.13E+00
          7.26E+00  3.94E+02 -2.74E+00  6.14E+00  1.49E+01  1.24E+03
 
 OM11
+        1.00E+03 -4.09E+01  7.24E+00  8.65E+02  6.13E+00  2.39E+01  5.83E+00  1.07E+01  2.74E+01  6.89E+01 -1.68E+02 -6.11E+01
         -6.01E+01 -1.37E+02  2.83E+00 -4.25E+00 -8.56E+00 -2.41E+01  9.12E+01
 
1

            TH 1      TH 2      TH 3      TH 4      TH 5      TH 6      TH 7      TH 8      TH 9      TH10      TH11      TH12  
             TH13      TH14      TH15      TH16      TH17      TH18      OM11      OM12      OM13      OM22      OM23      OM33  
            SG11  
 
 OM12
+       ......... ......... ......... ......... ......... ......... ......... ......... ......... ......... ......... .........
         ......... ......... ......... ......... ......... ......... ......... .........
 
 OM13
+       ......... ......... ......... ......... ......... ......... ......... ......... ......... ......... ......... .........
         ......... ......... ......... ......... ......... ......... ......... ......... .........
 
 OM22
+       -1.82E+02  2.73E+02 -2.51E+01  1.94E+03  1.97E+01  1.14E+02 -1.44E+02 -5.54E+01 -1.27E+02 -5.77E+02 -7.58E+00  2.18E+01
          1.99E+01  1.50E+01  1.23E+01  2.60E+01  2.12E+01  7.80E+01 -3.39E+01  0.00E+00  0.00E+00  4.54E+02
 
 OM23
+       ......... ......... ......... ......... ......... ......... ......... ......... ......... ......... ......... .........
         ......... ......... ......... ......... ......... ......... ......... ......... ......... ......... .........
 
 OM33
+        8.80E+01 -1.78E+01 -4.62E+00 -7.13E+01 -7.07E+00 -4.27E+01  7.63E+00 -7.49E+00  3.33E+00  4.70E+01 -2.01E+01  9.44E-01
         -1.71E+00 -1.36E+01  8.68E+00  5.99E+00  6.93E+00  3.88E+00  7.11E+00  0.00E+00  0.00E+00 -8.84E+00  0.00E+00  2.15E+01
 
 SG11
+       ......... ......... ......... ......... ......... ......... ......... ......... ......... ......... ......... .........
         ......... ......... ......... ......... ......... ......... ......... ......... ......... ......... ......... .........
        .........
 
1
 
 
 
 
 
 
 
 
 
 
 
 
 
 
 
 
 
 
 
 
 ************************************************************************************************************************
 ********************                                                                                ********************
 ********************               OBJECTIVE FUNCTION EVALUATION BY IMPORTANCE SAMPLING             ********************
 ********************                   EIGENVALUES OF COR MATRIX OF ESTIMATE (RSR)                  ********************
 ********************                                                                                ********************
 ************************************************************************************************************************
 

             1         2         3         4         5         6         7         8         9        10        11        12
             13        14        15        16        17        18        19        20        21
 
         8.19E-02  1.36E-01  1.88E-01  2.29E-01  2.62E-01  2.76E-01  3.80E-01  6.38E-01  6.90E-01  7.75E-01  7.99E-01  8.02E-01
          9.04E-01  9.68E-01  1.19E+00  1.30E+00  1.61E+00  1.72E+00  2.00E+00  2.47E+00  3.57E+00
 
 Elapsed postprocess time in seconds:     3.27
 Elapsed finaloutput time in seconds:     0.46
 #CPUT: Total CPU Time in Seconds,     3724.619
Stop Time:
Mon Feb 24 13:19:38 EST 2020
